<?xml version="1.0" encoding="UTF-8"?>
<!-- Generated by org.testng.reporters.JUnitReportReporter -->
<testsuite skipped="0" hostname="Hang-PC" name="com.hth.ecommerce.MobileListPageSort" tests="1" failures="0" timestamp="2020-05-29T15:20:25 ICT" time="10.235" errors="0">
  <testcase name="verifyMobileListPageCanBeSortedByName" time="10.235" classname="com.hth.ecommerce.MobileListPageSort"/>
  <system-out/>
</testsuite> <!-- com.hth.ecommerce.MobileListPageSort -->
