<?xml version="1.0" encoding="UTF-8"?>
<!-- Generated by org.testng.reporters.JUnitReportReporter -->
<testsuite skipped="0" hostname="Hang-PC" name="com.hth.ecommerce.ProductReview" tests="1" failures="0" timestamp="2020-06-11T01:05:29 ICT" time="52.370" errors="0">
  <testcase name="verifyProductReviewMechanism" time="52.370" classname="com.hth.ecommerce.ProductReview"/>
  <system-out/>
</testsuite> <!-- com.hth.ecommerce.ProductReview -->
