<?xml version="1.0" encoding="UTF-8"?>
<!-- Generated by org.testng.reporters.JUnitReportReporter -->
<testsuite skipped="0" hostname="Hang-PC" name="com.hth.ecommerce.InvoiceSortingByDate" tests="1" failures="0" timestamp="2020-06-11T17:59:27 ICT" time="7.440" errors="0">
  <testcase name="verifySortingWorksOnInvoiceDateColumn" time="7.440" classname="com.hth.ecommerce.InvoiceSortingByDate"/>
  <system-out/>
</testsuite> <!-- com.hth.ecommerce.InvoiceSortingByDate -->
