<?xml version="1.0" encoding="UTF-8"?>
<!-- Generated by org.testng.reporters.JUnitReportReporter -->
<testsuite skipped="0" hostname="Hang-PC" name="com.hth.ecommerce.DisabledFields" tests="1" failures="0" timestamp="2020-06-11T23:58:46 ICT" time="2.178" errors="0">
  <testcase name="verifyDisabledFields" time="2.178" classname="com.hth.ecommerce.DisabledFields"/>
  <system-out/>
</testsuite> <!-- com.hth.ecommerce.DisabledFields -->
