<?xml version="1.0" encoding="UTF-8"?>
<!-- Generated by org.testng.reporters.JUnitReportReporter -->
<testsuite skipped="0" hostname="Hang-PC" name="com.hth.ecommerce.ExportAllOrdersToCSV" tests="1" failures="0" timestamp="2020-06-09T18:42:39 ICT" time="35.194" errors="0">
  <testcase name="exportAllOrders" time="35.194" classname="com.hth.ecommerce.ExportAllOrdersToCSV"/>
  <system-out/>
</testsuite> <!-- com.hth.ecommerce.ExportAllOrdersToCSV -->
