<?xml version="1.0" encoding="UTF-8"?>
<!-- Generated by org.testng.reporters.JUnitReportReporter -->
<testsuite skipped="0" hostname="Hang-PC" name="com.hth.ecommerce.AccountCreation" tests="3" failures="0" timestamp="2020-05-31T00:06:47 ICT" time="82.102" errors="0">
  <testcase name="verifyCanCreateAccount" time="28.701" classname="com.hth.ecommerce.AccountCreation"/>
  <system-out/>
  <testcase name="verifyAddingProductToWishlist" time="19.406" classname="com.hth.ecommerce.AccountCreation"/>
  <system-out/>
  <testcase name="verifyCanShareWishlistToOtherPeopleUsingEmail" time="33.995" classname="com.hth.ecommerce.AccountCreation"/>
  <system-out/>
</testsuite> <!-- com.hth.ecommerce.AccountCreation -->
