<?xml version="1.0" encoding="UTF-8"?>
<!-- Generated by org.testng.reporters.JUnitReportReporter -->
<testsuite skipped="0" hostname="Hang-PC" name="com.hth.ecommerce.DiscountCoupon" tests="1" failures="0" timestamp="2020-06-04T23:19:02 ICT" time="50.976" errors="0">
  <testcase name="verifyDiscountCouponWorks" time="50.976" classname="com.hth.ecommerce.DiscountCoupon"/>
  <system-out/>
</testsuite> <!-- com.hth.ecommerce.DiscountCoupon -->
