<?xml version="1.0" encoding="UTF-8"?>
<!-- Generated by org.testng.reporters.JUnitReportReporter -->
<testsuite skipped="0" hostname="Hang-PC" name="com.hth.ecommerce.ProductCostOnListPageAndDetailsPage" tests="1" failures="0" timestamp="2020-05-29T16:02:06 ICT" time="9.969" errors="0">
  <testcase name="verifyProductCostOnListPageAndDetailsPageEqual" time="9.969" classname="com.hth.ecommerce.ProductCostOnListPageAndDetailsPage"/>
  <system-out/>
</testsuite> <!-- com.hth.ecommerce.ProductCostOnListPageAndDetailsPage -->
