<?xml version="1.0" encoding="UTF-8"?>
<!-- Generated by org.testng.reporters.JUnitReportReporter -->
<testsuite skipped="0" hostname="Hang-PC" name="com.hth.ecommerce.PurchasingProduct" tests="2" failures="0" timestamp="2020-06-04T00:41:48 ICT" time="24.711" errors="0">
  <testcase name="verifyUserPurchasesProductUsingRegisteredEmail" time="20.580" classname="com.hth.ecommerce.PurchasingProduct"/>
  <system-out/>
  <testcase name="verifyCanSavePreviouslyPlacedOrderAsPDFFile" time="4.131" classname="com.hth.ecommerce.PurchasingProduct"/>
  <system-out/>
</testsuite> <!-- com.hth.ecommerce.PurchasingProduct -->
