<?xml version="1.0" encoding="UTF-8"?>
<!-- Generated by org.testng.reporters.JUnitReportReporter -->
<testsuite skipped="0" hostname="Hang-PC" name="com.hth.ecommerce.Reorder" tests="1" failures="0" timestamp="2020-06-04T22:34:17 ICT" time="20.778" errors="0">
  <testcase name="reorder" time="20.778" classname="com.hth.ecommerce.Reorder"/>
  <system-out/>
</testsuite> <!-- com.hth.ecommerce.Reorder -->
