<?xml version="1.0" encoding="UTF-8"?>
<!-- Generated by org.testng.reporters.JUnitReportReporter -->
<testsuite skipped="0" hostname="Hang-PC" name="com.hth.ecommerce.AddingProductToCart" tests="1" failures="0" timestamp="2020-05-29T16:38:26 ICT" time="15.931" errors="0">
  <testcase name="verifyCanNotAddMoreProductToCartThanProductAvailableInStore" time="15.931" classname="com.hth.ecommerce.AddingProductToCart"/>
  <system-out/>
</testsuite> <!-- com.hth.ecommerce.AddingProductToCart -->
