<?xml version="1.0" encoding="UTF-8"?>
<!-- Generated by org.testng.reporters.JUnitReportReporter -->
<testsuite skipped="0" hostname="Hang-PC" name="com.hth.ecommerce.InvoicePrint" tests="1" failures="0" timestamp="2020-06-10T19:25:56 ICT" time="11.202" errors="0">
  <testcase name="verifyInvoiceCanBePrinted" time="11.202" classname="com.hth.ecommerce.InvoicePrint"/>
  <system-out/>
</testsuite> <!-- com.hth.ecommerce.InvoicePrint -->
