<?xml version="1.0" encoding="UTF-8"?>
<!-- Generated by org.testng.reporters.JUnitReportReporter -->
<testsuite skipped="0" hostname="Hang-PC" name="com.hth.ecommerce.SearchFunctionality" tests="1" failures="0" timestamp="2020-06-11T18:38:52 ICT" time="4.124" errors="0">
  <testcase name="verifySearchFunctionality" time="4.124" classname="com.hth.ecommerce.SearchFunctionality"/>
  <system-out/>
</testsuite> <!-- com.hth.ecommerce.SearchFunctionality -->
