<?xml version="1.0" encoding="UTF-8"?>
<!-- Generated by org.testng.reporters.JUnitReportReporter -->
<testsuite skipped="0" hostname="Hang-PC" name="com.hth.ecommerce.ComparingTwoProducts" tests="1" failures="0" timestamp="2020-05-30T15:58:16 ICT" time="31.393" errors="0">
  <testcase name="verifyCanCompareTwoProducts" time="31.393" classname="com.hth.ecommerce.ComparingTwoProducts"/>
  <system-out/>
</testsuite> <!-- com.hth.ecommerce.ComparingTwoProducts -->
